[     141ms] [LOG] [Fast Refresh] rebuilding @ http://localhost:3000/_next/static/chunks/node_modules_next_dist_1ybzpk2._.js:2477
[     185ms] [LOG] [Fast Refresh] done in 165ms @ http://localhost:3000/_next/static/chunks/node_modules_next_dist_1ybzpk2._.js:2477
[     572ms] [INFO] %cDownload the React DevTools for a better development experience: https://react.dev/link/react-devtools font-weight:bold @ http://localhost:3000/_next/static/chunks/node_modules_next_dist_1ybzpk2._.js:2477
[     604ms] [LOG] [HMR] connected @ http://localhost:3000/_next/static/chunks/node_modules_next_dist_1ybzpk2._.js:2477
[    1980ms] [LOG] [Fast Refresh] rebuilding @ http://localhost:3000/_next/static/chunks/node_modules_next_dist_1ybzpk2._.js:2477
[    2051ms] [LOG] [Fast Refresh] done in 178ms @ http://localhost:3000/_next/static/chunks/node_modules_next_dist_1ybzpk2._.js:2477
[  169736ms] [INFO] %cDownload the React DevTools for a better development experience: https://react.dev/link/react-devtools font-weight:bold @ http://localhost:3000/_next/static/chunks/node_modules_next_dist_1ybzpk2._.js:2477
[  169770ms] [LOG] [HMR] connected @ http://localhost:3000/_next/static/chunks/node_modules_next_dist_1ybzpk2._.js:2477
[  260315ms] [ERROR] WebSocket connection to 'ws://localhost:3000/_next/webpack-hmr?id=LsduEF6AbsPMg8WQsaehX' failed: Error in connection establishment: net::ERR_CONNECTION_REFUSED @ http://localhost:3000/_next/static/chunks/node_modules_next_dist_client_0r5nbpw._.js:13422
[  263658ms] [ERROR] WebSocket connection to 'ws://localhost:3000/_next/webpack-hmr?id=LsduEF6AbsPMg8WQsaehX' failed: Error in connection establishment: net::ERR_CONNECTION_REFUSED @ http://localhost:3000/_next/static/chunks/node_modules_next_dist_client_0r5nbpw._.js:13422
[  267016ms] [ERROR] WebSocket connection to 'ws://localhost:3000/_next/webpack-hmr?id=LsduEF6AbsPMg8WQsaehX' failed: Error in connection establishment: net::ERR_CONNECTION_REFUSED @ http://localhost:3000/_next/static/chunks/node_modules_next_dist_client_0r5nbpw._.js:13422
[  270357ms] [ERROR] WebSocket connection to 'ws://localhost:3000/_next/webpack-hmr?id=LsduEF6AbsPMg8WQsaehX' failed: Error in connection establishment: net::ERR_CONNECTION_REFUSED @ http://localhost:3000/_next/static/chunks/node_modules_next_dist_client_0r5nbpw._.js:13422
[  273716ms] [ERROR] WebSocket connection to 'ws://localhost:3000/_next/webpack-hmr?id=LsduEF6AbsPMg8WQsaehX' failed: Error in connection establishment: net::ERR_CONNECTION_REFUSED @ http://localhost:3000/_next/static/chunks/node_modules_next_dist_client_0r5nbpw._.js:13422
[  281065ms] [ERROR] WebSocket connection to 'ws://localhost:3000/_next/webpack-hmr?id=LsduEF6AbsPMg8WQsaehX' failed: Error in connection establishment: net::ERR_CONNECTION_REFUSED @ http://localhost:3000/_next/static/chunks/node_modules_next_dist_client_0r5nbpw._.js:13422
[  288430ms] [ERROR] WebSocket connection to 'ws://localhost:3000/_next/webpack-hmr?id=LsduEF6AbsPMg8WQsaehX' failed: Error in connection establishment: net::ERR_CONNECTION_REFUSED @ http://localhost:3000/_next/static/chunks/node_modules_next_dist_client_0r5nbpw._.js:13422
[  295789ms] [ERROR] WebSocket connection to 'ws://localhost:3000/_next/webpack-hmr?id=LsduEF6AbsPMg8WQsaehX' failed: Error in connection establishment: net::ERR_CONNECTION_REFUSED @ http://localhost:3000/_next/static/chunks/node_modules_next_dist_client_0r5nbpw._.js:13422
[  303144ms] [ERROR] WebSocket connection to 'ws://localhost:3000/_next/webpack-hmr?id=LsduEF6AbsPMg8WQsaehX' failed: Error in connection establishment: net::ERR_CONNECTION_REFUSED @ http://localhost:3000/_next/static/chunks/node_modules_next_dist_client_0r5nbpw._.js:13422
[  310481ms] [ERROR] WebSocket connection to 'ws://localhost:3000/_next/webpack-hmr?id=LsduEF6AbsPMg8WQsaehX' failed: Error in connection establishment: net::ERR_CONNECTION_REFUSED @ http://localhost:3000/_next/static/chunks/node_modules_next_dist_client_0r5nbpw._.js:13422
[  317847ms] [ERROR] WebSocket connection to 'ws://localhost:3000/_next/webpack-hmr?id=LsduEF6AbsPMg8WQsaehX' failed: Error in connection establishment: net::ERR_CONNECTION_REFUSED @ http://localhost:3000/_next/static/chunks/node_modules_next_dist_client_0r5nbpw._.js:13422
[  325209ms] [ERROR] WebSocket connection to 'ws://localhost:3000/_next/webpack-hmr?id=LsduEF6AbsPMg8WQsaehX' failed: Error in connection establishment: net::ERR_CONNECTION_REFUSED @ http://localhost:3000/_next/static/chunks/node_modules_next_dist_client_0r5nbpw._.js:13422
