[    1545ms] [INFO] %cDownload the React DevTools for a better development experience: https://react.dev/link/react-devtools font-weight:bold @ http://localhost:3000/_next/static/chunks/node_modules_next_dist_1ybzpk2._.js:2477
[    1623ms] [LOG] [HMR] connected @ http://localhost:3000/_next/static/chunks/node_modules_next_dist_1ybzpk2._.js:2477
[    6699ms] [LOG] [Fast Refresh] rebuilding @ http://localhost:3000/_next/static/chunks/node_modules_next_dist_1ybzpk2._.js:2477
[    6759ms] [LOG] [Fast Refresh] done in 168ms @ http://localhost:3000/_next/static/chunks/node_modules_next_dist_1ybzpk2._.js:2477
[   30415ms] [ERROR] Failed to load resource: net::ERR_CONNECTION_RESET @ https://digitalhub.fifa.com/transform/900f4199-8c38-4e13-b048-1c451b9492d3/CRISTIAN-ROLDAN_385994_Front:0
[   30423ms] [ERROR] Failed to load resource: net::ERR_CONNECTION_RESET @ https://digitalhub.fifa.com/transform/65b9b873-1f92-431a-b700-e339d272acd3/HAJI-WRIGHT_390276_Front:0
[   30424ms] [ERROR] Failed to load resource: net::ERR_CONNECTION_RESET @ https://digitalhub.fifa.com/transform/cb73f646-b7d1-4f14-93d4-4c2816451630/MALIK-TILLMAN_448214_Front:0
[   30425ms] [ERROR] Failed to load resource: net::ERR_CONNECTION_RESET @ https://digitalhub.fifa.com/transform/fc3d8d2f-3ce7-4ae2-9721-007798624ad4/FOLARIN-BALOGUN_466624_Front:0
[   30425ms] [ERROR] Failed to load resource: net::ERR_CONNECTION_RESET @ https://digitalhub.fifa.com/transform/dadb5499-5772-4a27-b535-6361b1e1a8f6/ALEX-ZENDEJAS_390278_Front:0
[   30426ms] [ERROR] Failed to load resource: net::ERR_CONNECTION_RESET @ https://digitalhub.fifa.com/transform/dac95d8a-79a1-44d9-8572-2a20de4d8192/TIMOTHY-WEAH_406304_Front:0
[  121889ms] [LOG] [Fast Refresh] rebuilding @ http://localhost:3000/_next/static/chunks/node_modules_next_dist_1ybzpk2._.js:2477
[  122134ms] [LOG] [Fast Refresh] done in 345ms @ http://localhost:3000/_next/static/chunks/node_modules_next_dist_1ybzpk2._.js:2477
[  285493ms] [LOG] [Fast Refresh] rebuilding @ http://localhost:3000/_next/static/chunks/node_modules_next_dist_1ybzpk2._.js:2477
[  285635ms] [LOG] [Fast Refresh] done in 250ms @ http://localhost:3000/_next/static/chunks/node_modules_next_dist_1ybzpk2._.js:2477
[  305840ms] [LOG] [Fast Refresh] rebuilding @ http://localhost:3000/_next/static/chunks/node_modules_next_dist_1ybzpk2._.js:2477
[  306092ms] [LOG] [Fast Refresh] done in 356ms @ http://localhost:3000/_next/static/chunks/node_modules_next_dist_1ybzpk2._.js:2477
[  306201ms] [LOG] [Fast Refresh] rebuilding @ http://localhost:3000/_next/static/chunks/node_modules_next_dist_1ybzpk2._.js:2477
[  306490ms] [LOG] [Fast Refresh] done in 397ms @ http://localhost:3000/_next/static/chunks/node_modules_next_dist_1ybzpk2._.js:2477
[  306609ms] [LOG] [Fast Refresh] rebuilding @ http://localhost:3000/_next/static/chunks/node_modules_next_dist_1ybzpk2._.js:2477
[  306775ms] [LOG] [Fast Refresh] done in 269ms @ http://localhost:3000/_next/static/chunks/node_modules_next_dist_1ybzpk2._.js:2477
[  307278ms] [LOG] [Fast Refresh] rebuilding @ http://localhost:3000/_next/static/chunks/node_modules_next_dist_1ybzpk2._.js:2477
[  307451ms] [LOG] [Fast Refresh] done in 276ms @ http://localhost:3000/_next/static/chunks/node_modules_next_dist_1ybzpk2._.js:2477
