[     120ms] [LOG] [Fast Refresh] rebuilding @ http://localhost:3000/_next/static/chunks/node_modules_next_dist_1ybzpk2._.js:2477
[     267ms] [LOG] [Fast Refresh] done in 254ms @ http://localhost:3000/_next/static/chunks/node_modules_next_dist_1ybzpk2._.js:2477
[     377ms] [INFO] %cDownload the React DevTools for a better development experience: https://react.dev/link/react-devtools font-weight:bold @ http://localhost:3000/_next/static/chunks/node_modules_next_dist_1ybzpk2._.js:2477
[     414ms] [LOG] [HMR] connected @ http://localhost:3000/_next/static/chunks/node_modules_next_dist_1ybzpk2._.js:2477
[  220277ms] [LOG] [Fast Refresh] rebuilding @ http://localhost:3000/_next/static/chunks/node_modules_next_dist_1ybzpk2._.js:2477
[  220682ms] [ERROR] ./src/components/H2HModal.tsx:5:1
Export fetchAllWcMatches doesn't exist in target module
  3 | import React, { useEffect, useMemo, useState } from "react";
  4 | import { H2HSummary } from "./H2HSummary";
> 5 | import { fetchAllWcMatches, type FifaMatch } from "@/lib/h2h-data";
    | ^^^^^^^^^^^^^^^^^^^^^^^^^^^^^^^^^^^^^^^^^^^^^^^^^^^^^^^^^^^^^^^^^^^
  6 | import { getH2HStats } from "@/lib/h2h-stats";
  7 |
  8 | interface H2HModalProps {

The export fetchAllWcMatches was not found in module [project]/src/lib/h2h-data.ts [app-client] (ecmascript).
Did you mean to import fetchTeamMatches?
All exports of the module are statically known (It doesn't have dynamic exports). So it's known statically that the requested export doesn't exist.

Import traces:
  Client Component Browser:
    ./src/components/H2HModal.tsx [Client Component Browser]
    ./src/components/SchedulePanel.tsx [Client Component Browser]
    ./src/components/AppShell.tsx [Client Component Browser]
    ./src/components/AppShell.tsx [Server Component]
    ./src/app/page.tsx [Server Component]

  Client Component SSR:
    ./src/components/H2HModal.tsx [Client Component SSR]
    ./src/components/SchedulePanel.tsx [Client Component SSR]
    ./src/components/AppShell.tsx [Client Component SSR]
    ./src/components/AppShell.tsx [Server Component]
    ./src/app/page.tsx [Server Component] @ http://localhost:3000/_next/static/chunks/node_modules_next_dist_1ybzpk2._.js:3318
[  220682ms] [ERROR] ./src/components/H2HModal.tsx:5:1
Export fetchAllWcMatches doesn't exist in target module
  3 | import React, { useEffect, useMemo, useState } from "react";
  4 | import { H2HSummary } from "./H2HSummary";
> 5 | import { fetchAllWcMatches, type FifaMatch } from "@/lib/h2h-data";
    | ^^^^^^^^^^^^^^^^^^^^^^^^^^^^^^^^^^^^^^^^^^^^^^^^^^^^^^^^^^^^^^^^^^^
  6 | import { getH2HStats } from "@/lib/h2h-stats";
  7 |
  8 | interface H2HModalProps {

The export fetchAllWcMatches was not found in module [project]/src/lib/h2h-data.ts [app-ssr] (ecmascript).
Did you mean to import fetchTeamMatches?
All exports of the module are statically known (It doesn't have dynamic exports). So it's known statically that the requested export doesn't exist.

Import traces:
  Client Component Browser:
    ./src/components/H2HModal.tsx [Client Component Browser]
    ./src/components/SchedulePanel.tsx [Client Component Browser]
    ./src/components/AppShell.tsx [Client Component Browser]
    ./src/components/AppShell.tsx [Server Component]
    ./src/app/page.tsx [Server Component]

  Client Component SSR:
    ./src/components/H2HModal.tsx [Client Component SSR]
    ./src/components/SchedulePanel.tsx [Client Component SSR]
    ./src/components/AppShell.tsx [Client Component SSR]
    ./src/components/AppShell.tsx [Server Component]
    ./src/app/page.tsx [Server Component] @ http://localhost:3000/_next/static/chunks/node_modules_next_dist_1ybzpk2._.js:3318
[  221095ms] [LOG] [Fast Refresh] rebuilding @ http://localhost:3000/_next/static/chunks/node_modules_next_dist_1ybzpk2._.js:2477
[  223862ms] [ERROR] ./src/components/H2HModal.tsx:5:1
Export fetchAllWcMatches doesn't exist in target module
  3 | import React, { useEffect, useMemo, useState } from "react";
  4 | import { H2HSummary } from "./H2HSummary";
> 5 | import { fetchAllWcMatches, type FifaMatch } from "@/lib/h2h-data";
    | ^^^^^^^^^^^^^^^^^^^^^^^^^^^^^^^^^^^^^^^^^^^^^^^^^^^^^^^^^^^^^^^^^^^
  6 | import { getH2HStats } from "@/lib/h2h-stats";
  7 |
  8 | interface H2HModalProps {

The export fetchAllWcMatches was not found in module [project]/src/lib/h2h-data.ts [app-client] (ecmascript).
Did you mean to import fetchTeamMatches?
All exports of the module are statically known (It doesn't have dynamic exports). So it's known statically that the requested export doesn't exist.

Import traces:
  Client Component Browser:
    ./src/components/H2HModal.tsx [Client Component Browser]
    ./src/components/SchedulePanel.tsx [Client Component Browser]
    ./src/components/AppShell.tsx [Client Component Browser]
    ./src/components/AppShell.tsx [Server Component]
    ./src/app/page.tsx [Server Component]

  Client Component SSR:
    ./src/components/H2HModal.tsx [Client Component SSR]
    ./src/components/SchedulePanel.tsx [Client Component SSR]
    ./src/components/AppShell.tsx [Client Component SSR]
    ./src/components/AppShell.tsx [Server Component]
    ./src/app/page.tsx [Server Component] @ http://localhost:3000/_next/static/chunks/node_modules_next_dist_1ybzpk2._.js:3318
[  223863ms] [ERROR] ./src/components/H2HModal.tsx:5:1
Export fetchAllWcMatches doesn't exist in target module
  3 | import React, { useEffect, useMemo, useState } from "react";
  4 | import { H2HSummary } from "./H2HSummary";
> 5 | import { fetchAllWcMatches, type FifaMatch } from "@/lib/h2h-data";
    | ^^^^^^^^^^^^^^^^^^^^^^^^^^^^^^^^^^^^^^^^^^^^^^^^^^^^^^^^^^^^^^^^^^^
  6 | import { getH2HStats } from "@/lib/h2h-stats";
  7 |
  8 | interface H2HModalProps {

The export fetchAllWcMatches was not found in module [project]/src/lib/h2h-data.ts [app-ssr] (ecmascript).
Did you mean to import fetchTeamMatches?
All exports of the module are statically known (It doesn't have dynamic exports). So it's known statically that the requested export doesn't exist.

Import traces:
  Client Component Browser:
    ./src/components/H2HModal.tsx [Client Component Browser]
    ./src/components/SchedulePanel.tsx [Client Component Browser]
    ./src/components/AppShell.tsx [Client Component Browser]
    ./src/components/AppShell.tsx [Server Component]
    ./src/app/page.tsx [Server Component]

  Client Component SSR:
    ./src/components/H2HModal.tsx [Client Component SSR]
    ./src/components/SchedulePanel.tsx [Client Component SSR]
    ./src/components/AppShell.tsx [Client Component SSR]
    ./src/components/AppShell.tsx [Server Component]
    ./src/app/page.tsx [Server Component] @ http://localhost:3000/_next/static/chunks/node_modules_next_dist_1ybzpk2._.js:3318
[  223908ms] [ERROR] ./src/components/H2HModal.tsx:5:1
Export fetchAllWcMatches doesn't exist in target module
  3 | import React, { useEffect, useMemo, useState } from "react";
  4 | import { H2HSummary } from "./H2HSummary";
> 5 | import { fetchAllWcMatches, type FifaMatch } from "@/lib/h2h-data";
    | ^^^^^^^^^^^^^^^^^^^^^^^^^^^^^^^^^^^^^^^^^^^^^^^^^^^^^^^^^^^^^^^^^^^
  6 | import { getH2HStats } from "@/lib/h2h-stats";
  7 |
  8 | interface H2HModalProps {

The export fetchAllWcMatches was not found in module [project]/src/lib/h2h-data.ts [app-client] (ecmascript).
Did you mean to import fetchTeamMatches?
All exports of the module are statically known (It doesn't have dynamic exports). So it's known statically that the requested export doesn't exist.

Import traces:
  Client Component Browser:
    ./src/components/H2HModal.tsx [Client Component Browser]
    ./src/components/SchedulePanel.tsx [Client Component Browser]
    ./src/components/AppShell.tsx [Client Component Browser]
    ./src/components/AppShell.tsx [Server Component]
    ./src/app/page.tsx [Server Component]

  Client Component SSR:
    ./src/components/H2HModal.tsx [Client Component SSR]
    ./src/components/SchedulePanel.tsx [Client Component SSR]
    ./src/components/AppShell.tsx [Client Component SSR]
    ./src/components/AppShell.tsx [Server Component]
    ./src/app/page.tsx [Server Component] @ http://localhost:3000/_next/static/chunks/node_modules_next_dist_1ybzpk2._.js:3318
[  223909ms] [ERROR] ./src/components/H2HModal.tsx:5:1
Export fetchAllWcMatches doesn't exist in target module
  3 | import React, { useEffect, useMemo, useState } from "react";
  4 | import { H2HSummary } from "./H2HSummary";
> 5 | import { fetchAllWcMatches, type FifaMatch } from "@/lib/h2h-data";
    | ^^^^^^^^^^^^^^^^^^^^^^^^^^^^^^^^^^^^^^^^^^^^^^^^^^^^^^^^^^^^^^^^^^^
  6 | import { getH2HStats } from "@/lib/h2h-stats";
  7 |
  8 | interface H2HModalProps {

The export fetchAllWcMatches was not found in module [project]/src/lib/h2h-data.ts [app-ssr] (ecmascript).
Did you mean to import fetchTeamMatches?
All exports of the module are statically known (It doesn't have dynamic exports). So it's known statically that the requested export doesn't exist.

Import traces:
  Client Component Browser:
    ./src/components/H2HModal.tsx [Client Component Browser]
    ./src/components/SchedulePanel.tsx [Client Component Browser]
    ./src/components/AppShell.tsx [Client Component Browser]
    ./src/components/AppShell.tsx [Server Component]
    ./src/app/page.tsx [Server Component]

  Client Component SSR:
    ./src/components/H2HModal.tsx [Client Component SSR]
    ./src/components/SchedulePanel.tsx [Client Component SSR]
    ./src/components/AppShell.tsx [Client Component SSR]
    ./src/components/AppShell.tsx [Server Component]
    ./src/app/page.tsx [Server Component] @ http://localhost:3000/_next/static/chunks/node_modules_next_dist_1ybzpk2._.js:3318
[  223910ms] [ERROR] Failed to load resource: the server responded with a status of 500 (Internal Server Error) @ http://localhost:3000/?_rsc=q3mOO9BClNZHexY7:0
[  223933ms] [ERROR] ./src/components/H2HModal.tsx:5:1
Export fetchAllWcMatches doesn't exist in target module
  3 | import React, { useEffect, useMemo, useState } from "react";
  4 | import { H2HSummary } from "./H2HSummary";
> 5 | import { fetchAllWcMatches, type FifaMatch } from "@/lib/h2h-data";
    | ^^^^^^^^^^^^^^^^^^^^^^^^^^^^^^^^^^^^^^^^^^^^^^^^^^^^^^^^^^^^^^^^^^^
  6 | import { getH2HStats } from "@/lib/h2h-stats";
  7 |
  8 | interface H2HModalProps {

The export fetchAllWcMatches was not found in module [project]/src/lib/h2h-data.ts [app-client] (ecmascript).
Did you mean to import fetchTeamMatches?
All exports of the module are statically known (It doesn't have dynamic exports). So it's known statically that the requested export doesn't exist.

Import traces:
  Client Component Browser:
    ./src/components/H2HModal.tsx [Client Component Browser]
    ./src/components/SchedulePanel.tsx [Client Component Browser]
    ./src/components/AppShell.tsx [Client Component Browser]
    ./src/components/AppShell.tsx [Server Component]
    ./src/app/page.tsx [Server Component]

  Client Component SSR:
    ./src/components/H2HModal.tsx [Client Component SSR]
    ./src/components/SchedulePanel.tsx [Client Component SSR]
    ./src/components/AppShell.tsx [Client Component SSR]
    ./src/components/AppShell.tsx [Server Component]
    ./src/app/page.tsx [Server Component] @ http://localhost:3000/_next/static/chunks/node_modules_next_dist_1ybzpk2._.js:3318
[  223934ms] [ERROR] ./src/components/H2HModal.tsx:5:1
Export fetchAllWcMatches doesn't exist in target module
  3 | import React, { useEffect, useMemo, useState } from "react";
  4 | import { H2HSummary } from "./H2HSummary";
> 5 | import { fetchAllWcMatches, type FifaMatch } from "@/lib/h2h-data";
    | ^^^^^^^^^^^^^^^^^^^^^^^^^^^^^^^^^^^^^^^^^^^^^^^^^^^^^^^^^^^^^^^^^^^
  6 | import { getH2HStats } from "@/lib/h2h-stats";
  7 |
  8 | interface H2HModalProps {

The export fetchAllWcMatches was not found in module [project]/src/lib/h2h-data.ts [app-ssr] (ecmascript).
Did you mean to import fetchTeamMatches?
All exports of the module are statically known (It doesn't have dynamic exports). So it's known statically that the requested export doesn't exist.

Import traces:
  Client Component Browser:
    ./src/components/H2HModal.tsx [Client Component Browser]
    ./src/components/SchedulePanel.tsx [Client Component Browser]
    ./src/components/AppShell.tsx [Client Component Browser]
    ./src/components/AppShell.tsx [Server Component]
    ./src/app/page.tsx [Server Component]

  Client Component SSR:
    ./src/components/H2HModal.tsx [Client Component SSR]
    ./src/components/SchedulePanel.tsx [Client Component SSR]
    ./src/components/AppShell.tsx [Client Component SSR]
    ./src/components/AppShell.tsx [Server Component]
    ./src/app/page.tsx [Server Component] @ http://localhost:3000/_next/static/chunks/node_modules_next_dist_1ybzpk2._.js:3318
[  224323ms] [ERROR] Failed to load resource: the server responded with a status of 500 (Internal Server Error) @ http://localhost:3000/:0
[  224567ms] [INFO] %cDownload the React DevTools for a better development experience: https://react.dev/link/react-devtools font-weight:bold @ http://localhost:3000/_next/static/chunks/node_modules_react-dom_0kla17-._.js:15305
[  225061ms] Error: ./src/components/H2HModal.tsx:5:1
Export fetchAllWcMatches doesn't exist in target module
  3 | import React, { useEffect, useMemo, useState } from "react";
  4 | import { H2HSummary } from "./H2HSummary";
> 5 | import { fetchAllWcMatches, type FifaMatch } from "@/lib/h2h-data";
    | ^^^^^^^^^^^^^^^^^^^^^^^^^^^^^^^^^^^^^^^^^^^^^^^^^^^^^^^^^^^^^^^^^^^
  6 | import { getH2HStats } from "@/lib/h2h-stats";
  7 |
  8 | interface H2HModalProps {

The export fetchAllWcMatches was not found in module [project]/src/lib/h2h-data.ts [app-client] (ecmascript).
Did you mean to import fetchTeamMatches?
All exports of the module are statically known (It doesn't have dynamic exports). So it's known statically that the requested export doesn't exist.

Import traces:
  Client Component Browser:
    ./src/components/H2HModal.tsx [Client Component Browser]
    ./src/components/SchedulePanel.tsx [Client Component Browser]
    ./src/components/AppShell.tsx [Client Component Browser]
    ./src/components/AppShell.tsx [Server Component]
    ./src/app/page.tsx [Server Component]

  Client Component SSR:
    ./src/components/H2HModal.tsx [Client Component SSR]
    ./src/components/SchedulePanel.tsx [Client Component SSR]
    ./src/components/AppShell.tsx [Client Component SSR]
    ./src/components/AppShell.tsx [Server Component]
    ./src/app/page.tsx [Server Component]


    at <unknown> (Error: ./src/components/H2HModal.tsx:5:1)
    at Object.getCompilationErrors (file://C:\Users\juven\Desktop\road to wc\wc2026-app\node_modules\next\dist\server\dev\hot-reloader-turbopack.js:1186:59)
    at DevBundlerService.getCompilationError (file://C:\Users\juven\Desktop\road to wc\wc2026-app\node_modules\next\dist\server\lib\dev-bundler-service.js:44:55)
    at DevServer.getCompilationError (file://C:\Users\juven\Desktop\road to wc\wc2026-app\node_modules\next\dist\server\dev\next-dev-server.js:720:42)
    at DevServer.findPageComponents (file://C:\Users\juven\Desktop\road to wc\wc2026-app\node_modules\next\dist\server\dev\next-dev-server.js:690:43)
    at async DevServer.renderErrorToResponseImpl (file://C:\Users\juven\Desktop\road to wc\wc2026-app\node_modules\next\dist\server\base-server.js:1753:26)
[  225066ms] [LOG] [HMR] connected @ http://localhost:3000/_next/static/chunks/node_modules_next_dist_1gdrd03._.js:1226
[  225241ms] [ERROR] ./src/components/H2HModal.tsx:5:1
Export fetchAllWcMatches doesn't exist in target module
  3 | import React, { useEffect, useMemo, useState } from "react";
  4 | import { H2HSummary } from "./H2HSummary";
> 5 | import { fetchAllWcMatches, type FifaMatch } from "@/lib/h2h-data";
    | ^^^^^^^^^^^^^^^^^^^^^^^^^^^^^^^^^^^^^^^^^^^^^^^^^^^^^^^^^^^^^^^^^^^
  6 | import { getH2HStats } from "@/lib/h2h-stats";
  7 |
  8 | interface H2HModalProps {

The export fetchAllWcMatches was not found in module [project]/src/lib/h2h-data.ts [app-client] (ecmascript).
Did you mean to import fetchTeamMatches?
All exports of the module are statically known (It doesn't have dynamic exports). So it's known statically that the requested export doesn't exist.

Import traces:
  Client Component Browser:
    ./src/components/H2HModal.tsx [Client Component Browser]
    ./src/components/SchedulePanel.tsx [Client Component Browser]
    ./src/components/AppShell.tsx [Client Component Browser]
    ./src/components/AppShell.tsx [Server Component]
    ./src/app/page.tsx [Server Component]

  Client Component SSR:
    ./src/components/H2HModal.tsx [Client Component SSR]
    ./src/components/SchedulePanel.tsx [Client Component SSR]
    ./src/components/AppShell.tsx [Client Component SSR]
    ./src/components/AppShell.tsx [Server Component]
    ./src/app/page.tsx [Server Component] @ http://localhost:3000/_next/static/chunks/node_modules_next_dist_1gdrd03._.js:1945
[  225241ms] [ERROR] ./src/components/H2HModal.tsx:5:1
Export fetchAllWcMatches doesn't exist in target module
  3 | import React, { useEffect, useMemo, useState } from "react";
  4 | import { H2HSummary } from "./H2HSummary";
> 5 | import { fetchAllWcMatches, type FifaMatch } from "@/lib/h2h-data";
    | ^^^^^^^^^^^^^^^^^^^^^^^^^^^^^^^^^^^^^^^^^^^^^^^^^^^^^^^^^^^^^^^^^^^
  6 | import { getH2HStats } from "@/lib/h2h-stats";
  7 |
  8 | interface H2HModalProps {

The export fetchAllWcMatches was not found in module [project]/src/lib/h2h-data.ts [app-ssr] (ecmascript).
Did you mean to import fetchTeamMatches?
All exports of the module are statically known (It doesn't have dynamic exports). So it's known statically that the requested export doesn't exist.

Import traces:
  Client Component Browser:
    ./src/components/H2HModal.tsx [Client Component Browser]
    ./src/components/SchedulePanel.tsx [Client Component Browser]
    ./src/components/AppShell.tsx [Client Component Browser]
    ./src/components/AppShell.tsx [Server Component]
    ./src/app/page.tsx [Server Component]

  Client Component SSR:
    ./src/components/H2HModal.tsx [Client Component SSR]
    ./src/components/SchedulePanel.tsx [Client Component SSR]
    ./src/components/AppShell.tsx [Client Component SSR]
    ./src/components/AppShell.tsx [Server Component]
    ./src/app/page.tsx [Server Component] @ http://localhost:3000/_next/static/chunks/node_modules_next_dist_1gdrd03._.js:1945
[  225256ms] [ERROR] ./src/components/H2HModal.tsx:5:1
Export fetchAllWcMatches doesn't exist in target module
  3 | import React, { useEffect, useMemo, useState } from "react";
  4 | import { H2HSummary } from "./H2HSummary";
> 5 | import { fetchAllWcMatches, type FifaMatch } from "@/lib/h2h-data";
    | ^^^^^^^^^^^^^^^^^^^^^^^^^^^^^^^^^^^^^^^^^^^^^^^^^^^^^^^^^^^^^^^^^^^
  6 | import { getH2HStats } from "@/lib/h2h-stats";
  7 |
  8 | interface H2HModalProps {

The export fetchAllWcMatches was not found in module [project]/src/lib/h2h-data.ts [app-client] (ecmascript).
Did you mean to import fetchTeamMatches?
All exports of the module are statically known (It doesn't have dynamic exports). So it's known statically that the requested export doesn't exist.

Import traces:
  Client Component Browser:
    ./src/components/H2HModal.tsx [Client Component Browser]
    ./src/components/SchedulePanel.tsx [Client Component Browser]
    ./src/components/AppShell.tsx [Client Component Browser]
    ./src/components/AppShell.tsx [Server Component]
    ./src/app/page.tsx [Server Component]

  Client Component SSR:
    ./src/components/H2HModal.tsx [Client Component SSR]
    ./src/components/SchedulePanel.tsx [Client Component SSR]
    ./src/components/AppShell.tsx [Client Component SSR]
    ./src/components/AppShell.tsx [Server Component]
    ./src/app/page.tsx [Server Component] @ http://localhost:3000/_next/static/chunks/node_modules_next_dist_1gdrd03._.js:1945
[  225257ms] [ERROR] ./src/components/H2HModal.tsx:5:1
Export fetchAllWcMatches doesn't exist in target module
  3 | import React, { useEffect, useMemo, useState } from "react";
  4 | import { H2HSummary } from "./H2HSummary";
> 5 | import { fetchAllWcMatches, type FifaMatch } from "@/lib/h2h-data";
    | ^^^^^^^^^^^^^^^^^^^^^^^^^^^^^^^^^^^^^^^^^^^^^^^^^^^^^^^^^^^^^^^^^^^
  6 | import { getH2HStats } from "@/lib/h2h-stats";
  7 |
  8 | interface H2HModalProps {

The export fetchAllWcMatches was not found in module [project]/src/lib/h2h-data.ts [app-ssr] (ecmascript).
Did you mean to import fetchTeamMatches?
All exports of the module are statically known (It doesn't have dynamic exports). So it's known statically that the requested export doesn't exist.

Import traces:
  Client Component Browser:
    ./src/components/H2HModal.tsx [Client Component Browser]
    ./src/components/SchedulePanel.tsx [Client Component Browser]
    ./src/components/AppShell.tsx [Client Component Browser]
    ./src/components/AppShell.tsx [Server Component]
    ./src/app/page.tsx [Server Component]

  Client Component SSR:
    ./src/components/H2HModal.tsx [Client Component SSR]
    ./src/components/SchedulePanel.tsx [Client Component SSR]
    ./src/components/AppShell.tsx [Client Component SSR]
    ./src/components/AppShell.tsx [Server Component]
    ./src/app/page.tsx [Server Component] @ http://localhost:3000/_next/static/chunks/node_modules_next_dist_1gdrd03._.js:1945
[  225353ms] [ERROR] ./src/components/H2HModal.tsx:5:1
Export fetchAllWcMatches doesn't exist in target module
  3 | import React, { useEffect, useMemo, useState } from "react";
  4 | import { H2HSummary } from "./H2HSummary";
> 5 | import { fetchAllWcMatches, type FifaMatch } from "@/lib/h2h-data";
    | ^^^^^^^^^^^^^^^^^^^^^^^^^^^^^^^^^^^^^^^^^^^^^^^^^^^^^^^^^^^^^^^^^^^
  6 | import { getH2HStats } from "@/lib/h2h-stats";
  7 |
  8 | interface H2HModalProps {

The export fetchAllWcMatches was not found in module [project]/src/lib/h2h-data.ts [app-client] (ecmascript).
Did you mean to import fetchTeamMatches?
All exports of the module are statically known (It doesn't have dynamic exports). So it's known statically that the requested export doesn't exist.

Import traces:
  Client Component Browser:
    ./src/components/H2HModal.tsx [Client Component Browser]
    ./src/components/SchedulePanel.tsx [Client Component Browser]
    ./src/components/AppShell.tsx [Client Component Browser]
    ./src/components/AppShell.tsx [Server Component]
    ./src/app/page.tsx [Server Component]

  Client Component SSR:
    ./src/components/H2HModal.tsx [Client Component SSR]
    ./src/components/SchedulePanel.tsx [Client Component SSR]
    ./src/components/AppShell.tsx [Client Component SSR]
    ./src/components/AppShell.tsx [Server Component]
    ./src/app/page.tsx [Server Component] @ http://localhost:3000/_next/static/chunks/node_modules_next_dist_1gdrd03._.js:1945
[  225353ms] [ERROR] ./src/components/H2HModal.tsx:5:1
Export fetchAllWcMatches doesn't exist in target module
  3 | import React, { useEffect, useMemo, useState } from "react";
  4 | import { H2HSummary } from "./H2HSummary";
> 5 | import { fetchAllWcMatches, type FifaMatch } from "@/lib/h2h-data";
    | ^^^^^^^^^^^^^^^^^^^^^^^^^^^^^^^^^^^^^^^^^^^^^^^^^^^^^^^^^^^^^^^^^^^
  6 | import { getH2HStats } from "@/lib/h2h-stats";
  7 |
  8 | interface H2HModalProps {

The export fetchAllWcMatches was not found in module [project]/src/lib/h2h-data.ts [app-ssr] (ecmascript).
Did you mean to import fetchTeamMatches?
All exports of the module are statically known (It doesn't have dynamic exports). So it's known statically that the requested export doesn't exist.

Import traces:
  Client Component Browser:
    ./src/components/H2HModal.tsx [Client Component Browser]
    ./src/components/SchedulePanel.tsx [Client Component Browser]
    ./src/components/AppShell.tsx [Client Component Browser]
    ./src/components/AppShell.tsx [Server Component]
    ./src/app/page.tsx [Server Component]

  Client Component SSR:
    ./src/components/H2HModal.tsx [Client Component SSR]
    ./src/components/SchedulePanel.tsx [Client Component SSR]
    ./src/components/AppShell.tsx [Client Component SSR]
    ./src/components/AppShell.tsx [Server Component]
    ./src/app/page.tsx [Server Component] @ http://localhost:3000/_next/static/chunks/node_modules_next_dist_1gdrd03._.js:1945
[  225645ms] [ERROR] ./src/components/H2HModal.tsx:5:1
Export fetchAllWcMatches doesn't exist in target module
  3 | import React, { useEffect, useMemo, useState } from "react";
  4 | import { H2HSummary } from "./H2HSummary";
> 5 | import { fetchAllWcMatches, type FifaMatch } from "@/lib/h2h-data";
    | ^^^^^^^^^^^^^^^^^^^^^^^^^^^^^^^^^^^^^^^^^^^^^^^^^^^^^^^^^^^^^^^^^^^
  6 | import { getH2HStats } from "@/lib/h2h-stats";
  7 |
  8 | interface H2HModalProps {

The export fetchAllWcMatches was not found in module [project]/src/lib/h2h-data.ts [app-client] (ecmascript).
Did you mean to import fetchTeamMatches?
All exports of the module are statically known (It doesn't have dynamic exports). So it's known statically that the requested export doesn't exist.

Import traces:
  Client Component Browser:
    ./src/components/H2HModal.tsx [Client Component Browser]
    ./src/components/SchedulePanel.tsx [Client Component Browser]
    ./src/components/AppShell.tsx [Client Component Browser]
    ./src/components/AppShell.tsx [Server Component]
    ./src/app/page.tsx [Server Component]

  Client Component SSR:
    ./src/components/H2HModal.tsx [Client Component SSR]
    ./src/components/SchedulePanel.tsx [Client Component SSR]
    ./src/components/AppShell.tsx [Client Component SSR]
    ./src/components/AppShell.tsx [Server Component]
    ./src/app/page.tsx [Server Component] @ http://localhost:3000/_next/static/chunks/node_modules_next_dist_1gdrd03._.js:1945
[  225668ms] [ERROR] ./src/components/H2HModal.tsx:5:1
Export fetchAllWcMatches doesn't exist in target module
  3 | import React, { useEffect, useMemo, useState } from "react";
  4 | import { H2HSummary } from "./H2HSummary";
> 5 | import { fetchAllWcMatches, type FifaMatch } from "@/lib/h2h-data";
    | ^^^^^^^^^^^^^^^^^^^^^^^^^^^^^^^^^^^^^^^^^^^^^^^^^^^^^^^^^^^^^^^^^^^
  6 | import { getH2HStats } from "@/lib/h2h-stats";
  7 |
  8 | interface H2HModalProps {

The export fetchAllWcMatches was not found in module [project]/src/lib/h2h-data.ts [app-ssr] (ecmascript).
Did you mean to import fetchTeamMatches?
All exports of the module are statically known (It doesn't have dynamic exports). So it's known statically that the requested export doesn't exist.

Import traces:
  Client Component Browser:
    ./src/components/H2HModal.tsx [Client Component Browser]
    ./src/components/SchedulePanel.tsx [Client Component Browser]
    ./src/components/AppShell.tsx [Client Component Browser]
    ./src/components/AppShell.tsx [Server Component]
    ./src/app/page.tsx [Server Component]

  Client Component SSR:
    ./src/components/H2HModal.tsx [Client Component SSR]
    ./src/components/SchedulePanel.tsx [Client Component SSR]
    ./src/components/AppShell.tsx [Client Component SSR]
    ./src/components/AppShell.tsx [Server Component]
    ./src/app/page.tsx [Server Component] @ http://localhost:3000/_next/static/chunks/node_modules_next_dist_1gdrd03._.js:1945
[  225955ms] [ERROR] ./src/components/H2HModal.tsx:5:1
Export fetchAllWcMatches doesn't exist in target module
  3 | import React, { useEffect, useMemo, useState } from "react";
  4 | import { H2HSummary } from "./H2HSummary";
> 5 | import { fetchAllWcMatches, type FifaMatch } from "@/lib/h2h-data";
    | ^^^^^^^^^^^^^^^^^^^^^^^^^^^^^^^^^^^^^^^^^^^^^^^^^^^^^^^^^^^^^^^^^^^
  6 | import { getH2HStats } from "@/lib/h2h-stats";
  7 |
  8 | interface H2HModalProps {

The export fetchAllWcMatches was not found in module [project]/src/lib/h2h-data.ts [app-client] (ecmascript).
Did you mean to import fetchTeamMatches?
All exports of the module are statically known (It doesn't have dynamic exports). So it's known statically that the requested export doesn't exist.

Import traces:
  Client Component Browser:
    ./src/components/H2HModal.tsx [Client Component Browser]
    ./src/components/SchedulePanel.tsx [Client Component Browser]
    ./src/components/AppShell.tsx [Client Component Browser]
    ./src/components/AppShell.tsx [Server Component]
    ./src/app/page.tsx [Server Component]

  Client Component SSR:
    ./src/components/H2HModal.tsx [Client Component SSR]
    ./src/components/SchedulePanel.tsx [Client Component SSR]
    ./src/components/AppShell.tsx [Client Component SSR]
    ./src/components/AppShell.tsx [Server Component]
    ./src/app/page.tsx [Server Component] @ http://localhost:3000/_next/static/chunks/node_modules_next_dist_1gdrd03._.js:1945
[  225956ms] [ERROR] ./src/components/H2HModal.tsx:5:1
Export fetchAllWcMatches doesn't exist in target module
  3 | import React, { useEffect, useMemo, useState } from "react";
  4 | import { H2HSummary } from "./H2HSummary";
> 5 | import { fetchAllWcMatches, type FifaMatch } from "@/lib/h2h-data";
    | ^^^^^^^^^^^^^^^^^^^^^^^^^^^^^^^^^^^^^^^^^^^^^^^^^^^^^^^^^^^^^^^^^^^
  6 | import { getH2HStats } from "@/lib/h2h-stats";
  7 |
  8 | interface H2HModalProps {

The export fetchAllWcMatches was not found in module [project]/src/lib/h2h-data.ts [app-ssr] (ecmascript).
Did you mean to import fetchTeamMatches?
All exports of the module are statically known (It doesn't have dynamic exports). So it's known statically that the requested export doesn't exist.

Import traces:
  Client Component Browser:
    ./src/components/H2HModal.tsx [Client Component Browser]
    ./src/components/SchedulePanel.tsx [Client Component Browser]
    ./src/components/AppShell.tsx [Client Component Browser]
    ./src/components/AppShell.tsx [Server Component]
    ./src/app/page.tsx [Server Component]

  Client Component SSR:
    ./src/components/H2HModal.tsx [Client Component SSR]
    ./src/components/SchedulePanel.tsx [Client Component SSR]
    ./src/components/AppShell.tsx [Client Component SSR]
    ./src/components/AppShell.tsx [Server Component]
    ./src/app/page.tsx [Server Component] @ http://localhost:3000/_next/static/chunks/node_modules_next_dist_1gdrd03._.js:1945
[  225962ms] [LOG] [Fast Refresh] rebuilding @ http://localhost:3000/_next/static/chunks/node_modules_next_dist_1gdrd03._.js:1226
[  226012ms] [ERROR] ./src/components/H2HModal.tsx:5:1
Export fetchAllWcMatches doesn't exist in target module
  3 | import React, { useEffect, useMemo, useState } from "react";
  4 | import { H2HSummary } from "./H2HSummary";
> 5 | import { fetchAllWcMatches, type FifaMatch } from "@/lib/h2h-data";
    | ^^^^^^^^^^^^^^^^^^^^^^^^^^^^^^^^^^^^^^^^^^^^^^^^^^^^^^^^^^^^^^^^^^^
  6 | import { getH2HStats } from "@/lib/h2h-stats";
  7 |
  8 | interface H2HModalProps {

The export fetchAllWcMatches was not found in module [project]/src/lib/h2h-data.ts [app-client] (ecmascript).
Did you mean to import fetchTeamMatches?
All exports of the module are statically known (It doesn't have dynamic exports). So it's known statically that the requested export doesn't exist.

Import traces:
  Client Component Browser:
    ./src/components/H2HModal.tsx [Client Component Browser]
    ./src/components/SchedulePanel.tsx [Client Component Browser]
    ./src/components/AppShell.tsx [Client Component Browser]
    ./src/components/AppShell.tsx [Server Component]
    ./src/app/page.tsx [Server Component]

  Client Component SSR:
    ./src/components/H2HModal.tsx [Client Component SSR]
    ./src/components/SchedulePanel.tsx [Client Component SSR]
    ./src/components/AppShell.tsx [Client Component SSR]
    ./src/components/AppShell.tsx [Server Component]
    ./src/app/page.tsx [Server Component] @ http://localhost:3000/_next/static/chunks/node_modules_next_dist_1gdrd03._.js:1945
[  226012ms] [ERROR] ./src/components/H2HModal.tsx:5:1
Export fetchAllWcMatches doesn't exist in target module
  3 | import React, { useEffect, useMemo, useState } from "react";
  4 | import { H2HSummary } from "./H2HSummary";
> 5 | import { fetchAllWcMatches, type FifaMatch } from "@/lib/h2h-data";
    | ^^^^^^^^^^^^^^^^^^^^^^^^^^^^^^^^^^^^^^^^^^^^^^^^^^^^^^^^^^^^^^^^^^^
  6 | import { getH2HStats } from "@/lib/h2h-stats";
  7 |
  8 | interface H2HModalProps {

The export fetchAllWcMatches was not found in module [project]/src/lib/h2h-data.ts [app-ssr] (ecmascript).
Did you mean to import fetchTeamMatches?
All exports of the module are statically known (It doesn't have dynamic exports). So it's known statically that the requested export doesn't exist.

Import traces:
  Client Component Browser:
    ./src/components/H2HModal.tsx [Client Component Browser]
    ./src/components/SchedulePanel.tsx [Client Component Browser]
    ./src/components/AppShell.tsx [Client Component Browser]
    ./src/components/AppShell.tsx [Server Component]
    ./src/app/page.tsx [Server Component]

  Client Component SSR:
    ./src/components/H2HModal.tsx [Client Component SSR]
    ./src/components/SchedulePanel.tsx [Client Component SSR]
    ./src/components/AppShell.tsx [Client Component SSR]
    ./src/components/AppShell.tsx [Server Component]
    ./src/app/page.tsx [Server Component] @ http://localhost:3000/_next/static/chunks/node_modules_next_dist_1gdrd03._.js:1945
[  226228ms] [LOG] [Fast Refresh] rebuilding @ http://localhost:3000/_next/static/chunks/node_modules_next_dist_1gdrd03._.js:1226
[  226229ms] [ERROR] ./src/components/H2HModal.tsx:5:1
Export fetchAllWcMatches doesn't exist in target module
  3 | import React, { useEffect, useMemo, useState } from "react";
  4 | import { H2HSummary } from "./H2HSummary";
> 5 | import { fetchAllWcMatches, type FifaMatch } from "@/lib/h2h-data";
    | ^^^^^^^^^^^^^^^^^^^^^^^^^^^^^^^^^^^^^^^^^^^^^^^^^^^^^^^^^^^^^^^^^^^
  6 | import { getH2HStats } from "@/lib/h2h-stats";
  7 |
  8 | interface H2HModalProps {

The export fetchAllWcMatches was not found in module [project]/src/lib/h2h-data.ts [app-client] (ecmascript).
Did you mean to import fetchTeamMatches?
All exports of the module are statically known (It doesn't have dynamic exports). So it's known statically that the requested export doesn't exist.

Import traces:
  Client Component Browser:
    ./src/components/H2HModal.tsx [Client Component Browser]
    ./src/components/SchedulePanel.tsx [Client Component Browser]
    ./src/components/AppShell.tsx [Client Component Browser]
    ./src/components/AppShell.tsx [Server Component]
    ./src/app/page.tsx [Server Component]

  Client Component SSR:
    ./src/components/H2HModal.tsx [Client Component SSR]
    ./src/components/SchedulePanel.tsx [Client Component SSR]
    ./src/components/AppShell.tsx [Client Component SSR]
    ./src/components/AppShell.tsx [Server Component]
    ./src/app/page.tsx [Server Component] @ http://localhost:3000/_next/static/chunks/node_modules_next_dist_1gdrd03._.js:1945
[  226229ms] [ERROR] ./src/components/H2HModal.tsx:5:1
Export fetchAllWcMatches doesn't exist in target module
  3 | import React, { useEffect, useMemo, useState } from "react";
  4 | import { H2HSummary } from "./H2HSummary";
> 5 | import { fetchAllWcMatches, type FifaMatch } from "@/lib/h2h-data";
    | ^^^^^^^^^^^^^^^^^^^^^^^^^^^^^^^^^^^^^^^^^^^^^^^^^^^^^^^^^^^^^^^^^^^
  6 | import { getH2HStats } from "@/lib/h2h-stats";
  7 |
  8 | interface H2HModalProps {

The export fetchAllWcMatches was not found in module [project]/src/lib/h2h-data.ts [app-ssr] (ecmascript).
Did you mean to import fetchTeamMatches?
All exports of the module are statically known (It doesn't have dynamic exports). So it's known statically that the requested export doesn't exist.

Import traces:
  Client Component Browser:
    ./src/components/H2HModal.tsx [Client Component Browser]
    ./src/components/SchedulePanel.tsx [Client Component Browser]
    ./src/components/AppShell.tsx [Client Component Browser]
    ./src/components/AppShell.tsx [Server Component]
    ./src/app/page.tsx [Server Component]

  Client Component SSR:
    ./src/components/H2HModal.tsx [Client Component SSR]
    ./src/components/SchedulePanel.tsx [Client Component SSR]
    ./src/components/AppShell.tsx [Client Component SSR]
    ./src/components/AppShell.tsx [Server Component]
    ./src/app/page.tsx [Server Component] @ http://localhost:3000/_next/static/chunks/node_modules_next_dist_1gdrd03._.js:1945
[  226230ms] [ERROR] ./src/components/H2HModal.tsx:5:1
Export fetchAllWcMatches doesn't exist in target module
  3 | import React, { useEffect, useMemo, useState } from "react";
  4 | import { H2HSummary } from "./H2HSummary";
> 5 | import { fetchAllWcMatches, type FifaMatch } from "@/lib/h2h-data";
    | ^^^^^^^^^^^^^^^^^^^^^^^^^^^^^^^^^^^^^^^^^^^^^^^^^^^^^^^^^^^^^^^^^^^
  6 | import { getH2HStats } from "@/lib/h2h-stats";
  7 |
  8 | interface H2HModalProps {

The export fetchAllWcMatches was not found in module [project]/src/lib/h2h-data.ts [app-client] (ecmascript).
Did you mean to import fetchTeamMatches?
All exports of the module are statically known (It doesn't have dynamic exports). So it's known statically that the requested export doesn't exist.

Import traces:
  Client Component Browser:
    ./src/components/H2HModal.tsx [Client Component Browser]
    ./src/components/SchedulePanel.tsx [Client Component Browser]
    ./src/components/AppShell.tsx [Client Component Browser]
    ./src/components/AppShell.tsx [Server Component]
    ./src/app/page.tsx [Server Component]

  Client Component SSR:
    ./src/components/H2HModal.tsx [Client Component SSR]
    ./src/components/SchedulePanel.tsx [Client Component SSR]
    ./src/components/AppShell.tsx [Client Component SSR]
    ./src/components/AppShell.tsx [Server Component]
    ./src/app/page.tsx [Server Component] @ http://localhost:3000/_next/static/chunks/node_modules_next_dist_1gdrd03._.js:1945
[  226230ms] [ERROR] ./src/components/H2HModal.tsx:5:1
Export fetchAllWcMatches doesn't exist in target module
  3 | import React, { useEffect, useMemo, useState } from "react";
  4 | import { H2HSummary } from "./H2HSummary";
> 5 | import { fetchAllWcMatches, type FifaMatch } from "@/lib/h2h-data";
    | ^^^^^^^^^^^^^^^^^^^^^^^^^^^^^^^^^^^^^^^^^^^^^^^^^^^^^^^^^^^^^^^^^^^
  6 | import { getH2HStats } from "@/lib/h2h-stats";
  7 |
  8 | interface H2HModalProps {

The export fetchAllWcMatches was not found in module [project]/src/lib/h2h-data.ts [app-ssr] (ecmascript).
Did you mean to import fetchTeamMatches?
All exports of the module are statically known (It doesn't have dynamic exports). So it's known statically that the requested export doesn't exist.

Import traces:
  Client Component Browser:
    ./src/components/H2HModal.tsx [Client Component Browser]
    ./src/components/SchedulePanel.tsx [Client Component Browser]
    ./src/components/AppShell.tsx [Client Component Browser]
    ./src/components/AppShell.tsx [Server Component]
    ./src/app/page.tsx [Server Component]

  Client Component SSR:
    ./src/components/H2HModal.tsx [Client Component SSR]
    ./src/components/SchedulePanel.tsx [Client Component SSR]
    ./src/components/AppShell.tsx [Client Component SSR]
    ./src/components/AppShell.tsx [Server Component]
    ./src/app/page.tsx [Server Component] @ http://localhost:3000/_next/static/chunks/node_modules_next_dist_1gdrd03._.js:1945
[  226528ms] [LOG] [Fast Refresh] rebuilding @ http://localhost:3000/_next/static/chunks/node_modules_next_dist_1gdrd03._.js:1226
[  227119ms] [ERROR] ./src/components/H2HModal.tsx:5:1
Export fetchAllWcMatches doesn't exist in target module
  3 | import React, { useEffect, useMemo, useState } from "react";
  4 | import { H2HSummary } from "./H2HSummary";
> 5 | import { fetchAllWcMatches, type FifaMatch } from "@/lib/h2h-data";
    | ^^^^^^^^^^^^^^^^^^^^^^^^^^^^^^^^^^^^^^^^^^^^^^^^^^^^^^^^^^^^^^^^^^^
  6 | import { getH2HStats } from "@/lib/h2h-stats";
  7 |
  8 | interface H2HModalProps {

The export fetchAllWcMatches was not found in module [project]/src/lib/h2h-data.ts [app-client] (ecmascript).
Did you mean to import fetchTeamMatches?
All exports of the module are statically known (It doesn't have dynamic exports). So it's known statically that the requested export doesn't exist.

Import traces:
  Client Component Browser:
    ./src/components/H2HModal.tsx [Client Component Browser]
    ./src/components/SchedulePanel.tsx [Client Component Browser]
    ./src/components/AppShell.tsx [Client Component Browser]
    ./src/components/AppShell.tsx [Server Component]
    ./src/app/page.tsx [Server Component]

  Client Component SSR:
    ./src/components/H2HModal.tsx [Client Component SSR]
    ./src/components/SchedulePanel.tsx [Client Component SSR]
    ./src/components/AppShell.tsx [Client Component SSR]
    ./src/components/AppShell.tsx [Server Component]
    ./src/app/page.tsx [Server Component] @ http://localhost:3000/_next/static/chunks/node_modules_next_dist_1gdrd03._.js:1945
[  227119ms] [ERROR] ./src/components/H2HModal.tsx:5:1
Export fetchAllWcMatches doesn't exist in target module
  3 | import React, { useEffect, useMemo, useState } from "react";
  4 | import { H2HSummary } from "./H2HSummary";
> 5 | import { fetchAllWcMatches, type FifaMatch } from "@/lib/h2h-data";
    | ^^^^^^^^^^^^^^^^^^^^^^^^^^^^^^^^^^^^^^^^^^^^^^^^^^^^^^^^^^^^^^^^^^^
  6 | import { getH2HStats } from "@/lib/h2h-stats";
  7 |
  8 | interface H2HModalProps {

The export fetchAllWcMatches was not found in module [project]/src/lib/h2h-data.ts [app-ssr] (ecmascript).
Did you mean to import fetchTeamMatches?
All exports of the module are statically known (It doesn't have dynamic exports). So it's known statically that the requested export doesn't exist.

Import traces:
  Client Component Browser:
    ./src/components/H2HModal.tsx [Client Component Browser]
    ./src/components/SchedulePanel.tsx [Client Component Browser]
    ./src/components/AppShell.tsx [Client Component Browser]
    ./src/components/AppShell.tsx [Server Component]
    ./src/app/page.tsx [Server Component]

  Client Component SSR:
    ./src/components/H2HModal.tsx [Client Component SSR]
    ./src/components/SchedulePanel.tsx [Client Component SSR]
    ./src/components/AppShell.tsx [Client Component SSR]
    ./src/components/AppShell.tsx [Server Component]
    ./src/app/page.tsx [Server Component] @ http://localhost:3000/_next/static/chunks/node_modules_next_dist_1gdrd03._.js:1945
[  227151ms] [LOG] [Fast Refresh] rebuilding @ http://localhost:3000/_next/static/chunks/node_modules_next_dist_1gdrd03._.js:1226
[  227767ms] [LOG] [Fast Refresh] done in 132ms @ http://localhost:3000/_next/static/chunks/node_modules_next_dist_1gdrd03._.js:1226
[  228188ms] [INFO] %cDownload the React DevTools for a better development experience: https://react.dev/link/react-devtools font-weight:bold @ http://localhost:3000/_next/static/chunks/node_modules_next_dist_1ybzpk2._.js:2477
[  228280ms] [LOG] [HMR] connected @ http://localhost:3000/_next/static/chunks/node_modules_next_dist_1ybzpk2._.js:2477
[  229653ms] ReferenceError: fetchAllWcMatches is not defined
    at H2HModal.useEffect (http://localhost:3000/_next/static/chunks/_0z1tz9c._.js:7277:13)
    at Object.react_stack_bottom_frame (http://localhost:3000/_next/static/chunks/node_modules_next_dist_compiled_react-dom_096_9a-._.js:15087:22)
    at runWithFiberInDEV (http://localhost:3000/_next/static/chunks/node_modules_next_dist_compiled_react-dom_096_9a-._.js:965:74)
    at commitHookEffectListMount (http://localhost:3000/_next/static/chunks/node_modules_next_dist_compiled_react-dom_096_9a-._.js:7255:167)
    at commitHookPassiveMountEffects (http://localhost:3000/_next/static/chunks/node_modules_next_dist_compiled_react-dom_096_9a-._.js:7290:60)
    at commitPassiveMountOnFiber (http://localhost:3000/_next/static/chunks/node_modules_next_dist_compiled_react-dom_096_9a-._.js:8689:33)
    at recursivelyTraversePassiveMountEffects (http://localhost:3000/_next/static/chunks/node_modules_next_dist_compiled_react-dom_096_9a-._.js:8676:316)
    at commitPassiveMountOnFiber (http://localhost:3000/_next/static/chunks/node_modules_next_dist_compiled_react-dom_096_9a-._.js:8750:17)
    at recursivelyTraversePassiveMountEffects (http://localhost:3000/_next/static/chunks/node_modules_next_dist_compiled_react-dom_096_9a-._.js:8676:316)
    at commitPassiveMountOnFiber (http://localhost:3000/_next/static/chunks/node_modules_next_dist_compiled_react-dom_096_9a-._.js:8688:17)
    at recursivelyTraversePassiveMountEffects (http://localhost:3000/_next/static/chunks/node_modules_next_dist_compiled_react-dom_096_9a-._.js:8676:316)
    at commitPassiveMountOnFiber (http://localhost:3000/_next/static/chunks/node_modules_next_dist_compiled_react-dom_096_9a-._.js:8750:17)
    at recursivelyTraversePassiveMountEffects (http://localhost:3000/_next/static/chunks/node_modules_next_dist_compiled_react-dom_096_9a-._.js:8676:316)
    at commitPassiveMountOnFiber (http://localhost:3000/_next/static/chunks/node_modules_next_dist_compiled_react-dom_096_9a-._.js:8750:17)
    at recursivelyTraversePassiveMountEffects (http://localhost:3000/_next/static/chunks/node_modules_next_dist_compiled_react-dom_096_9a-._.js:8676:316)
    at commitPassiveMountOnFiber (http://localhost:3000/_next/static/chunks/node_modules_next_dist_compiled_react-dom_096_9a-._.js:8688:17)
    at recursivelyTraversePassiveMountEffects (http://localhost:3000/_next/static/chunks/node_modules_next_dist_compiled_react-dom_096_9a-._.js:8676:316)
    at commitPassiveMountOnFiber (http://localhost:3000/_next/static/chunks/node_modules_next_dist_compiled_react-dom_096_9a-._.js:8688:17)
    at recursivelyTraversePassiveMountEffects (http://localhost:3000/_next/static/chunks/node_modules_next_dist_compiled_react-dom_096_9a-._.js:8676:316)
    at commitPassiveMountOnFiber (http://localhost:3000/_next/static/chunks/node_modules_next_dist_compiled_react-dom_096_9a-._.js:8750:17)
    at recursivelyTraversePassiveMountEffects (http://localhost:3000/_next/static/chunks/node_modules_next_dist_compiled_react-dom_096_9a-._.js:8676:316)
    at commitPassiveMountOnFiber (http://localhost:3000/_next/static/chunks/node_modules_next_dist_compiled_react-dom_096_9a-._.js:8750:17)
    at recursivelyTraversePassiveMountEffects (http://localhost:3000/_next/static/chunks/node_modules_next_dist_compiled_react-dom_096_9a-._.js:8676:316)
    at commitPassiveMountOnFiber (http://localhost:3000/_next/static/chunks/node_modules_next_dist_compiled_react-dom_096_9a-._.js:8688:17)
    at recursivelyTraversePassiveMountEffects (http://localhost:3000/_next/static/chunks/node_modules_next_dist_compiled_react-dom_096_9a-._.js:8676:316)
    at commitPassiveMountOnFiber (http://localhost:3000/_next/static/chunks/node_modules_next_dist_compiled_react-dom_096_9a-._.js:8693:17)
    at recursivelyTraversePassiveMountEffects (http://localhost:3000/_next/static/chunks/node_modules_next_dist_compiled_react-dom_096_9a-._.js:8676:316)
    at commitPassiveMountOnFiber (http://localhost:3000/_next/static/chunks/node_modules_next_dist_compiled_react-dom_096_9a-._.js:8688:17)
    at recursivelyTraversePassiveMountEffects (http://localhost:3000/_next/static/chunks/node_modules_next_dist_compiled_react-dom_096_9a-._.js:8676:316)
    at commitPassiveMountOnFiber (http://localhost:3000/_next/static/chunks/node_modules_next_dist_compiled_react-dom_096_9a-._.js:8693:17)
    at recursivelyTraversePassiveMountEffects (http://localhost:3000/_next/static/chunks/node_modules_next_dist_compiled_react-dom_096_9a-._.js:8676:316)
    at commitPassiveMountOnFiber (http://localhost:3000/_next/static/chunks/node_modules_next_dist_compiled_react-dom_096_9a-._.js:8688:17)
    at recursivelyTraversePassiveMountEffects (http://localhost:3000/_next/static/chunks/node_modules_next_dist_compiled_react-dom_096_9a-._.js:8676:316)
    at commitPassiveMountOnFiber (http://localhost:3000/_next/static/chunks/node_modules_next_dist_compiled_react-dom_096_9a-._.js:8688:17)
    at recursivelyTraversePassiveMountEffects (http://localhost:3000/_next/static/chunks/node_modules_next_dist_compiled_react-dom_096_9a-._.js:8676:316)
    at commitPassiveMountOnFiber (http://localhost:3000/_next/static/chunks/node_modules_next_dist_compiled_react-dom_096_9a-._.js:8688:17)
    at recursivelyTraversePassiveMountEffects (http://localhost:3000/_next/static/chunks/node_modules_next_dist_compiled_react-dom_096_9a-._.js:8676:316)
    at commitPassiveMountOnFiber (http://localhost:3000/_next/static/chunks/node_modules_next_dist_compiled_react-dom_096_9a-._.js:8693:17)
    at recursivelyTraversePassiveMountEffects (http://localhost:3000/_next/static/chunks/node_modules_next_dist_compiled_react-dom_096_9a-._.js:8676:316)
    at commitPassiveMountOnFiber (http://localhost:3000/_next/static/chunks/node_modules_next_dist_compiled_react-dom_096_9a-._.js:8688:17)
    at recursivelyTraversePassiveMountEffects (http://localhost:3000/_next/static/chunks/node_modules_next_dist_compiled_react-dom_096_9a-._.js:8676:316)
    at commitPassiveMountOnFiber (http://localhost:3000/_next/static/chunks/node_modules_next_dist_compiled_react-dom_096_9a-._.js:8688:17)
    at recursivelyTraversePassiveMountEffects (http://localhost:3000/_next/static/chunks/node_modules_next_dist_compiled_react-dom_096_9a-._.js:8676:316)
    at commitPassiveMountOnFiber (http://localhost:3000/_next/static/chunks/node_modules_next_dist_compiled_react-dom_096_9a-._.js:8750:17)
    at recursivelyTraversePassiveMountEffects (http://localhost:3000/_next/static/chunks/node_modules_next_dist_compiled_react-dom_096_9a-._.js:8676:316)
    at commitPassiveMountOnFiber (http://localhost:3000/_next/static/chunks/node_modules_next_dist_compiled_react-dom_096_9a-._.js:8750:17)
    at recursivelyTraversePassiveMountEffects (http://localhost:3000/_next/static/chunks/node_modules_next_dist_compiled_react-dom_096_9a-._.js:8676:316)
    at commitPassiveMountOnFiber (http://localhost:3000/_next/static/chunks/node_modules_next_dist_compiled_react-dom_096_9a-._.js:8688:17)
    at recursivelyTraversePassiveMountEffects (http://localhost:3000/_next/static/chunks/node_modules_next_dist_compiled_react-dom_096_9a-._.js:8676:316)
    at commitPassiveMountOnFiber (http://localhost:3000/_next/static/chunks/node_modules_next_dist_compiled_react-dom_096_9a-._.js:8688:17)
[  232840ms] [LOG] [Fast Refresh] rebuilding @ http://localhost:3000/_next/static/chunks/node_modules_next_dist_1ybzpk2._.js:2477
[  232989ms] [WARNING] [Fast Refresh] performing full reload because your application had an unrecoverable error @ http://localhost:3000/_next/static/chunks/node_modules_next_dist_1ybzpk2._.js:2477
[  232991ms] [LOG] [Fast Refresh] done in 262ms @ http://localhost:3000/_next/static/chunks/node_modules_next_dist_1ybzpk2._.js:2477
[  233101ms] [LOG] [Fast Refresh] rebuilding @ http://localhost:3000/_next/static/chunks/node_modules_next_dist_1ybzpk2._.js:2477
[  233373ms] [LOG] [Fast Refresh] done in 374ms @ http://localhost:3000/_next/static/chunks/node_modules_next_dist_1ybzpk2._.js:2477
[  233922ms] [INFO] %cDownload the React DevTools for a better development experience: https://react.dev/link/react-devtools font-weight:bold @ http://localhost:3000/_next/static/chunks/node_modules_next_dist_1ybzpk2._.js:2477
[  233975ms] [LOG] [HMR] connected @ http://localhost:3000/_next/static/chunks/node_modules_next_dist_1ybzpk2._.js:2477
[  235024ms] TypeError: Cannot read properties of null (reading 'id')
    at H2HModal (http://localhost:3000/_next/static/chunks/_1mnmqw0._.js:7357:15)
    at Object.react_stack_bottom_frame (http://localhost:3000/_next/static/chunks/node_modules_next_dist_compiled_react-dom_096_9a-._.js:15037:24)
    at renderWithHooks (http://localhost:3000/_next/static/chunks/node_modules_next_dist_compiled_react-dom_096_9a-._.js:4620:24)
    at updateFunctionComponent (http://localhost:3000/_next/static/chunks/node_modules_next_dist_compiled_react-dom_096_9a-._.js:6081:21)
    at beginWork (http://localhost:3000/_next/static/chunks/node_modules_next_dist_compiled_react-dom_096_9a-._.js:6691:24)
    at runWithFiberInDEV (http://localhost:3000/_next/static/chunks/node_modules_next_dist_compiled_react-dom_096_9a-._.js:965:74)
    at performUnitOfWork (http://localhost:3000/_next/static/chunks/node_modules_next_dist_compiled_react-dom_096_9a-._.js:9555:97)
    at workLoopSync (http://localhost:3000/_next/static/chunks/node_modules_next_dist_compiled_react-dom_096_9a-._.js:9449:40)
    at renderRootSync (http://localhost:3000/_next/static/chunks/node_modules_next_dist_compiled_react-dom_096_9a-._.js:9433:13)
    at performWorkOnRoot (http://localhost:3000/_next/static/chunks/node_modules_next_dist_compiled_react-dom_096_9a-._.js:9098:47)
    at performSyncWorkOnRoot (http://localhost:3000/_next/static/chunks/node_modules_next_dist_compiled_react-dom_096_9a-._.js:10263:9)
    at flushSyncWorkAcrossRoots_impl (http://localhost:3000/_next/static/chunks/node_modules_next_dist_compiled_react-dom_096_9a-._.js:10179:316)
    at flushPassiveEffects (http://localhost:3000/_next/static/chunks/node_modules_next_dist_compiled_react-dom_096_9a-._.js:10008:13)
    at http://localhost:3000/_next/static/chunks/node_modules_next_dist_compiled_react-dom_096_9a-._.js:9724:13
    at MessagePort.performWorkUntilDeadline (http://localhost:3000/_next/static/chunks/node_modules_next_dist_compiled_1amofcm._.js:2647:64)
[  240109ms] [LOG] [Fast Refresh] rebuilding @ http://localhost:3000/_next/static/chunks/node_modules_next_dist_1ybzpk2._.js:2477
[  240136ms] [WARNING] [Fast Refresh] performing full reload because your application had an unrecoverable error @ http://localhost:3000/_next/static/chunks/node_modules_next_dist_1ybzpk2._.js:2477
[  240140ms] [LOG] [Fast Refresh] done in 121ms @ http://localhost:3000/_next/static/chunks/node_modules_next_dist_1ybzpk2._.js:2477
[  240251ms] [LOG] [Fast Refresh] rebuilding @ http://localhost:3000/_next/static/chunks/node_modules_next_dist_1ybzpk2._.js:2477
[  240504ms] [LOG] [Fast Refresh] done in 356ms @ http://localhost:3000/_next/static/chunks/node_modules_next_dist_1ybzpk2._.js:2477
[  240622ms] [INFO] %cDownload the React DevTools for a better development experience: https://react.dev/link/react-devtools font-weight:bold @ http://localhost:3000/_next/static/chunks/node_modules_next_dist_1ybzpk2._.js:2477
[  240789ms] [LOG] [HMR] connected @ http://localhost:3000/_next/static/chunks/node_modules_next_dist_1ybzpk2._.js:2477
[  242401ms] TypeError: Cannot read properties of null (reading 'id')
    at H2HModal (http://localhost:3000/_next/static/chunks/_1mnmqw0._.js:7357:15)
    at Object.react_stack_bottom_frame (http://localhost:3000/_next/static/chunks/node_modules_next_dist_compiled_react-dom_096_9a-._.js:15037:24)
    at renderWithHooks (http://localhost:3000/_next/static/chunks/node_modules_next_dist_compiled_react-dom_096_9a-._.js:4620:24)
    at updateFunctionComponent (http://localhost:3000/_next/static/chunks/node_modules_next_dist_compiled_react-dom_096_9a-._.js:6081:21)
    at beginWork (http://localhost:3000/_next/static/chunks/node_modules_next_dist_compiled_react-dom_096_9a-._.js:6691:24)
    at runWithFiberInDEV (http://localhost:3000/_next/static/chunks/node_modules_next_dist_compiled_react-dom_096_9a-._.js:965:74)
    at performUnitOfWork (http://localhost:3000/_next/static/chunks/node_modules_next_dist_compiled_react-dom_096_9a-._.js:9555:97)
    at workLoopSync (http://localhost:3000/_next/static/chunks/node_modules_next_dist_compiled_react-dom_096_9a-._.js:9449:40)
    at renderRootSync (http://localhost:3000/_next/static/chunks/node_modules_next_dist_compiled_react-dom_096_9a-._.js:9433:13)
    at performWorkOnRoot (http://localhost:3000/_next/static/chunks/node_modules_next_dist_compiled_react-dom_096_9a-._.js:9098:47)
    at performSyncWorkOnRoot (http://localhost:3000/_next/static/chunks/node_modules_next_dist_compiled_react-dom_096_9a-._.js:10263:9)
    at flushSyncWorkAcrossRoots_impl (http://localhost:3000/_next/static/chunks/node_modules_next_dist_compiled_react-dom_096_9a-._.js:10179:316)
    at flushPassiveEffects (http://localhost:3000/_next/static/chunks/node_modules_next_dist_compiled_react-dom_096_9a-._.js:10008:13)
    at http://localhost:3000/_next/static/chunks/node_modules_next_dist_compiled_react-dom_096_9a-._.js:9724:13
    at MessagePort.performWorkUntilDeadline (http://localhost:3000/_next/static/chunks/node_modules_next_dist_compiled_1amofcm._.js:2647:64)
[  280509ms] [LOG] [Fast Refresh] rebuilding @ http://localhost:3000/_next/static/chunks/node_modules_next_dist_1ybzpk2._.js:2477
[  280565ms] [WARNING] [Fast Refresh] performing full reload because your application had an unrecoverable error @ http://localhost:3000/_next/static/chunks/node_modules_next_dist_1ybzpk2._.js:2477
[  280594ms] [LOG] [Fast Refresh] done in 197ms @ http://localhost:3000/_next/static/chunks/node_modules_next_dist_1ybzpk2._.js:2477
[  280708ms] [LOG] [Fast Refresh] rebuilding @ http://localhost:3000/_next/static/chunks/node_modules_next_dist_1ybzpk2._.js:2477
[  280768ms] [LOG] [Fast Refresh] done in 163ms @ http://localhost:3000/_next/static/chunks/node_modules_next_dist_1ybzpk2._.js:2477
[  280884ms] [LOG] [Fast Refresh] rebuilding @ http://localhost:3000/_next/static/chunks/node_modules_next_dist_1ybzpk2._.js:2477
[  281226ms] [LOG] [Fast Refresh] done in 446ms @ http://localhost:3000/_next/static/chunks/node_modules_next_dist_1ybzpk2._.js:2477
[  281475ms] [INFO] %cDownload the React DevTools for a better development experience: https://react.dev/link/react-devtools font-weight:bold @ http://localhost:3000/_next/static/chunks/node_modules_next_dist_1ybzpk2._.js:2477
[  281597ms] [LOG] [HMR] connected @ http://localhost:3000/_next/static/chunks/node_modules_next_dist_1ybzpk2._.js:2477
